Build started 5/23/2016 9:18:51 AM.
     1>Project "C:\Users\Wajeeha Yasin\Desktop\oopProject\ConsoleApplication1\ConsoleApplication1\ConsoleApplication1.vcxproj" on node 2 (Build target(s)).
     1>ClCompile:
         C:\Program Files (x86)\Microsoft Visual Studio 12.0\VC\bin\CL.exe /c /I"C:\Users\Duaa\Desktop\oopProject\Libraries\SDL2_mixer-2.0.1\include" /I"C:\Users\Duaa\Desktop\oopProject\Libraries\SDL2_image-2.0.1\include" /I"C:\Users\Duaa\Desktop\oopProject\Libraries\SDL2-2.0.4\include" /ZI /nologo /W3 /WX- /sdl /Od /Oy- /D WIN32 /D _DEBUG /D _CONSOLE /D _LIB /D _UNICODE /D UNICODE /Gm /EHsc /RTC1 /MDd /GS /fp:precise /Zc:wchar_t /Zc:forScope /Fo"Debug\\" /Fd"Debug\vc120.pdb" /Gd /TP /analyze- /errorReport:prompt CollisionRectangle.cpp ConsoleApplication1.cpp Environment.cpp Main.cpp MainCharacter.cpp SDL_Setup.cpp Sprite.cpp Tree.cpp
         Tree.cpp
     1>c:\users\wajeeha yasin\desktop\oopproject\consoleapplication1\consoleapplication1\stdafx.h(3): fatal error C1083: Cannot open include file: 'SDL.h': No such file or directory
         Sprite.cpp
     1>c:\users\wajeeha yasin\desktop\oopproject\consoleapplication1\consoleapplication1\stdafx.h(3): fatal error C1083: Cannot open include file: 'SDL.h': No such file or directory
         SDL_Setup.cpp
     1>c:\users\wajeeha yasin\desktop\oopproject\consoleapplication1\consoleapplication1\stdafx.h(3): fatal error C1083: Cannot open include file: 'SDL.h': No such file or directory
         MainCharacter.cpp
     1>c:\users\wajeeha yasin\desktop\oopproject\consoleapplication1\consoleapplication1\stdafx.h(3): fatal error C1083: Cannot open include file: 'SDL.h': No such file or directory
         Main.cpp
     1>c:\users\wajeeha yasin\desktop\oopproject\consoleapplication1\consoleapplication1\stdafx.h(3): fatal error C1083: Cannot open include file: 'SDL.h': No such file or directory
         Environment.cpp
     1>c:\users\wajeeha yasin\desktop\oopproject\consoleapplication1\consoleapplication1\stdafx.h(3): fatal error C1083: Cannot open include file: 'SDL.h': No such file or directory
         ConsoleApplication1.cpp
     1>c:\users\wajeeha yasin\desktop\oopproject\consoleapplication1\consoleapplication1\stdafx.h(3): fatal error C1083: Cannot open include file: 'SDL.h': No such file or directory
         CollisionRectangle.cpp
     1>c:\users\wajeeha yasin\desktop\oopproject\consoleapplication1\consoleapplication1\stdafx.h(3): fatal error C1083: Cannot open include file: 'SDL.h': No such file or directory
         Generating Code...
     1>Done Building Project "C:\Users\Wajeeha Yasin\Desktop\oopProject\ConsoleApplication1\ConsoleApplication1\ConsoleApplication1.vcxproj" (Build target(s)) -- FAILED.

Build FAILED.

Time Elapsed 00:00:06.13
